# JRE version: Java(TM) SE Runtime Environment (8.0_73-b02) (build 1.8.0_73-b02)
# Java VM: Java HotSpot(TM) 64-Bit Server VM (25.73-b02 mixed mode windows-amd64 compressed oops)
Heap:
 PSYoungGen      total 31232K, used 13590K [0x00000000d5d80000, 0x00000000d9f80000, 0x0000000100000000)
  eden space 30720K, 43% used [0x00000000d5d80000,0x00000000d6a8d948,0x00000000d7b80000)
  from space 512K, 43% used [0x00000000d7c00000,0x00000000d7c38000,0x00000000d7c80000)
  to   space 18432K, 0% used [0x00000000d8d80000,0x00000000d8d80000,0x00000000d9f80000)
 ParOldGen       total 65536K, used 11950K [0x0000000081800000, 0x0000000085800000, 0x00000000d5d80000)
  object space 65536K, 18% used [0x0000000081800000,0x00000000823ab960,0x0000000085800000)
 Metaspace       used 21324K, capacity 21574K, committed 21808K, reserved 1069056K
  class space    used 2580K, capacity 2682K, committed 2688K, reserved 1048576K
GC Heap History (10 events):
Event: 39.716 GC heap before
{Heap before GC invocations=6 (full 1):
 PSYoungGen      total 38400K, used 33544K [0x00000000d5d80000, 0x00000000d8800000, 0x0000000100000000)
  eden space 33280K, 100% used [0x00000000d5d80000,0x00000000d7e00000,0x00000000d7e00000)
  from space 5120K, 5% used [0x00000000d8300000,0x00000000d8342268,0x00000000d8800000)
  to   space 5120K, 0% used [0x00000000d7e00000,0x00000000d7e00000,0x00000000d8300000)
 ParOldGen       total 65536K, used 11663K [0x0000000081800000, 0x0000000085800000, 0x00000000d5d80000)
  object space 65536K, 17% used [0x0000000081800000,0x0000000082363f28,0x0000000085800000)
 Metaspace       used 21036K, capacity 21286K, committed 21552K, reserved 1069056K
  class space    used 2567K, capacity 2650K, committed 2688K, reserved 1048576K
Event: 39.717 GC heap after
Heap after GC invocations=6 (full 1):
 PSYoungGen      total 37888K, used 424K [0x00000000d5d80000, 0x00000000dab80000, 0x0000000100000000)
  eden space 32768K, 0% used [0x00000000d5d80000,0x00000000d5d80000,0x00000000d7d80000)
  from space 5120K, 8% used [0x00000000d7e00000,0x00000000d7e6a268,0x00000000d8300000)
  to   space 23552K, 0% used [0x00000000d9480000,0x00000000d9480000,0x00000000dab80000)
 ParOldGen       total 65536K, used 11671K [0x0000000081800000, 0x0000000085800000, 0x00000000d5d80000)
  object space 65536K, 17% used [0x0000000081800000,0x0000000082365f28,0x0000000085800000)
 Metaspace       used 21036K, capacity 21286K, committed 21552K, reserved 1069056K
  class space    used 2567K, capacity 2650K, committed 2688K, reserved 1048576K
}
Event: 63.629 GC heap before
{Heap before GC invocations=7 (full 1):
 PSYoungGen      total 37888K, used 33192K [0x00000000d5d80000, 0x00000000dab80000, 0x0000000100000000)
  eden space 32768K, 100% used [0x00000000d5d80000,0x00000000d7d80000,0x00000000d7d80000)
  from space 5120K, 8% used [0x00000000d7e00000,0x00000000d7e6a268,0x00000000d8300000)
  to   space 23552K, 0% used [0x00000000d9480000,0x00000000d9480000,0x00000000dab80000)
 ParOldGen       total 65536K, used 11671K [0x0000000081800000, 0x0000000085800000, 0x00000000d5d80000)
  object space 65536K, 17% used [0x0000000081800000,0x0000000082365f28,0x0000000085800000)
 Metaspace       used 21297K, capacity 21510K, committed 21808K, reserved 1069056K
  class space    used 2580K, capacity 2682K, committed 2688K, reserved 1048576K
Event: 63.631 GC heap after
Heap after GC invocations=7 (full 1):
 PSYoungGen      total 52224K, used 456K [0x00000000d5d80000, 0x00000000da800000, 0x0000000100000000)
  eden space 32256K, 0% used [0x00000000d5d80000,0x00000000d5d80000,0x00000000d7d00000)
  from space 19968K, 2% used [0x00000000d9480000,0x00000000d94f2268,0x00000000da800000)
  to   space 22016K, 0% used [0x00000000d7d00000,0x00000000d7d00000,0x00000000d9280000)
 ParOldGen       total 65536K, used 11671K [0x0000000081800000, 0x0000000085800000, 0x00000000d5d80000)
  object space 65536K, 17% used [0x0000000081800000,0x0000000082365f28,0x0000000085800000)
 Metaspace       used 21297K, capacity 21510K, committed 21808K, reserved 1069056K
  class space    used 2580K, capacity 2682K, committed 2688K, reserved 1048576K
}
Event: 64.007 GC heap before
{Heap before GC invocations=8 (full 1):
 PSYoungGen      total 52224K, used 32712K [0x00000000d5d80000, 0x00000000da800000, 0x0000000100000000)
  eden space 32256K, 100% used [0x00000000d5d80000,0x00000000d7d00000,0x00000000d7d00000)
  from space 19968K, 2% used [0x00000000d9480000,0x00000000d94f2268,0x00000000da800000)
  to   space 22016K, 0% used [0x00000000d7d00000,0x00000000d7d00000,0x00000000d9280000)
 ParOldGen       total 65536K, used 11671K [0x0000000081800000, 0x0000000085800000, 0x00000000d5d80000)
  object space 65536K, 17% used [0x0000000081800000,0x0000000082365f28,0x0000000085800000)
 Metaspace       used 21311K, capacity 21574K, committed 21808K, reserved 1069056K
  class space    used 2580K, capacity 2682K, committed 2688K, reserved 1048576K
Event: 64.009 GC heap after
Heap after GC invocations=8 (full 1):
 PSYoungGen      total 32256K, used 456K [0x00000000d5d80000, 0x00000000da580000, 0x0000000100000000)
  eden space 31744K, 0% used [0x00000000d5d80000,0x00000000d5d80000,0x00000000d7c80000)
  from space 512K, 89% used [0x00000000d7d00000,0x00000000d7d72268,0x00000000d7d80000)
  to   space 20992K, 0% used [0x00000000d9100000,0x00000000d9100000,0x00000000da580000)
 ParOldGen       total 65536K, used 11671K [0x0000000081800000, 0x0000000085800000, 0x00000000d5d80000)
  object space 65536K, 17% used [0x0000000081800000,0x0000000082365f28,0x0000000085800000)
 Metaspace       used 21311K, capacity 21574K, committed 21808K, reserved 1069056K
  class space    used 2580K, capacity 2682K, committed 2688K, reserved 1048576K
}
Event: 64.364 GC heap before
{Heap before GC invocations=9 (full 1):
 PSYoungGen      total 32256K, used 32200K [0x00000000d5d80000, 0x00000000da580000, 0x0000000100000000)
  eden space 31744K, 100% used [0x00000000d5d80000,0x00000000d7c80000,0x00000000d7c80000)
  from space 512K, 89% used [0x00000000d7d00000,0x00000000d7d72268,0x00000000d7d80000)
  to   space 20992K, 0% used [0x00000000d9100000,0x00000000d9100000,0x00000000da580000)
 ParOldGen       total 65536K, used 11671K [0x0000000081800000, 0x0000000085800000, 0x00000000d5d80000)
  object space 65536K, 17% used [0x0000000081800000,0x0000000082365f28,0x0000000085800000)
 Metaspace       used 21319K, capacity 21574K, committed 21808K, reserved 1069056K
  class space    used 2580K, capacity 2682K, committed 2688K, reserved 1048576K
Event: 64.365 GC heap after
Heap after GC invocations=9 (full 1):
 PSYoungGen      total 48640K, used 416K [0x00000000d5d80000, 0x00000000da200000, 0x0000000100000000)
  eden space 31232K, 0% used [0x00000000d5d80000,0x00000000d5d80000,0x00000000d7c00000)
  from space 17408K, 2% used [0x00000000d9100000,0x00000000d9168000,0x00000000da200000)
  to   space 19456K, 0% used [0x00000000d7c00000,0x00000000d7c00000,0x00000000d8f00000)
 ParOldGen       total 65536K, used 11792K [0x0000000081800000, 0x0000000085800000, 0x00000000d5d80000)
  object space 65536K, 17% used [0x0000000081800000,0x0000000082384190,0x0000000085800000)
 Metaspace       used 21319K, capacity 21574K, committed 21808K, reserved 1069056K
  class space    used 2580K, capacity 2682K, committed 2688K, reserved 1048576K
}
Event: 64.610 GC heap before
{Heap before GC invocations=10 (full 1):
 PSYoungGen      total 48640K, used 31648K [0x00000000d5d80000, 0x00000000da200000, 0x0000000100000000)
  eden space 31232K, 100% used [0x00000000d5d80000,0x00000000d7c00000,0x00000000d7c00000)
  from space 17408K, 2% used [0x00000000d9100000,0x00000000d9168000,0x00000000da200000)
  to   space 19456K, 0% used [0x00000000d7c00000,0x00000000d7c00000,0x00000000d8f00000)
 ParOldGen       total 65536K, used 11792K [0x0000000081800000, 0x0000000085800000, 0x00000000d5d80000)
  object space 65536K, 17% used [0x0000000081800000,0x0000000082384190,0x0000000085800000)
 Metaspace       used 21320K, capacity 21574K, committed 21808K, reserved 1069056K
  class space    used 2580K, capacity 2682K, committed 2688K, reserved 1048576K
Event: 64.612 GC heap after
Heap after GC invocations=10 (full 1):
 PSYoungGen      total 31232K, used 224K [0x00000000d5d80000, 0x00000000d9f80000, 0x0000000100000000)
  eden space 30720K, 0% used [0x00000000d5d80000,0x00000000d5d80000,0x00000000d7b80000)
  from space 512K, 43% used [0x00000000d7c00000,0x00000000d7c38000,0x00000000d7c80000)
  to   space 18432K, 0% used [0x00000000d8d80000,0x00000000d8d80000,0x00000000d9f80000)
 ParOldGen       total 65536K, used 11950K [0x0000000081800000, 0x0000000085800000, 0x00000000d5d80000)
  object space 65536K, 18% used [0x0000000081800000,0x00000000823ab960,0x0000000085800000)
 Metaspace       used 21320K, capacity 21574K, committed 21808K, reserved 1069056K
  class space    used 2580K, capacity 2682K, committed 2688K, reserved 1048576K
}

