# JRE version: Java(TM) SE Runtime Environment (8.0_73-b02) (build 1.8.0_73-b02)
# Java VM: Java HotSpot(TM) 64-Bit Server VM (25.73-b02 mixed mode windows-amd64 compressed oops)
Heap:
 PSYoungGen      total 176640K, used 116126K [0x00000000d5d80000, 0x00000000e1b00000, 0x0000000100000000)
  eden space 162304K, 71% used [0x00000000d5d80000,0x00000000dceaf818,0x00000000dfc00000)
  from space 14336K, 1% used [0x00000000e0d00000,0x00000000e0d38000,0x00000000e1b00000)
  to   space 15872K, 0% used [0x00000000dfc00000,0x00000000dfc00000,0x00000000e0b80000)
 ParOldGen       total 65536K, used 14030K [0x0000000081800000, 0x0000000085800000, 0x00000000d5d80000)
  object space 65536K, 21% used [0x0000000081800000,0x00000000825b3a98,0x0000000085800000)
 Metaspace       used 22144K, capacity 22390K, committed 22704K, reserved 1069056K
  class space    used 2640K, capacity 2716K, committed 2816K, reserved 1048576K
GC Heap History (10 events):
Event: 1218.511 GC heap before
{Heap before GC invocations=9 (full 1):
 PSYoungGen      total 55808K, used 35890K [0x00000000d5d80000, 0x00000000dc680000, 0x0000000100000000)
  eden space 34304K, 100% used [0x00000000d5d80000,0x00000000d7f00000,0x00000000d7f00000)
  from space 21504K, 7% used [0x00000000d7f00000,0x00000000d808c900,0x00000000d9400000)
  to   space 20480K, 0% used [0x00000000db280000,0x00000000db280000,0x00000000dc680000)
 ParOldGen       total 65536K, used 11496K [0x0000000081800000, 0x0000000085800000, 0x00000000d5d80000)
  object space 65536K, 17% used [0x0000000081800000,0x000000008233a138,0x0000000085800000)
 Metaspace       used 21905K, capacity 22096K, committed 22320K, reserved 1069056K
  class space    used 2612K, capacity 2683K, committed 2688K, reserved 1048576K
Event: 1218.513 GC heap after
Heap after GC invocations=9 (full 1):
 PSYoungGen      total 84992K, used 360K [0x00000000d5d80000, 0x00000000dc480000, 0x0000000100000000)
  eden space 66560K, 0% used [0x00000000d5d80000,0x00000000d5d80000,0x00000000d9e80000)
  from space 18432K, 1% used [0x00000000db280000,0x00000000db2da268,0x00000000dc480000)
  to   space 19456K, 0% used [0x00000000d9e80000,0x00000000d9e80000,0x00000000db180000)
 ParOldGen       total 65536K, used 12561K [0x0000000081800000, 0x0000000085800000, 0x00000000d5d80000)
  object space 65536K, 19% used [0x0000000081800000,0x0000000082444560,0x0000000085800000)
 Metaspace       used 21905K, capacity 22096K, committed 22320K, reserved 1069056K
  class space    used 2612K, capacity 2683K, committed 2688K, reserved 1048576K
}
Event: 1218.665 GC heap before
{Heap before GC invocations=10 (full 1):
 PSYoungGen      total 84992K, used 66920K [0x00000000d5d80000, 0x00000000dc480000, 0x0000000100000000)
  eden space 66560K, 100% used [0x00000000d5d80000,0x00000000d9e80000,0x00000000d9e80000)
  from space 18432K, 1% used [0x00000000db280000,0x00000000db2da268,0x00000000dc480000)
  to   space 19456K, 0% used [0x00000000d9e80000,0x00000000d9e80000,0x00000000db180000)
 ParOldGen       total 65536K, used 12561K [0x0000000081800000, 0x0000000085800000, 0x00000000d5d80000)
  object space 65536K, 19% used [0x0000000081800000,0x0000000082444560,0x0000000085800000)
 Metaspace       used 21931K, capacity 22160K, committed 22576K, reserved 1069056K
  class space    used 2612K, capacity 2683K, committed 2688K, reserved 1048576K
Event: 1218.667 GC heap after
Heap after GC invocations=10 (full 1):
 PSYoungGen      total 86016K, used 256K [0x00000000d5d80000, 0x00000000de700000, 0x0000000100000000)
  eden space 66560K, 0% used [0x00000000d5d80000,0x00000000d5d80000,0x00000000d9e80000)
  from space 19456K, 1% used [0x00000000d9e80000,0x00000000d9ec0000,0x00000000db180000)
  to   space 18432K, 0% used [0x00000000dd500000,0x00000000dd500000,0x00000000de700000)
 ParOldGen       total 65536K, used 12737K [0x0000000081800000, 0x0000000085800000, 0x00000000d5d80000)
  object space 65536K, 19% used [0x0000000081800000,0x00000000824705d8,0x0000000085800000)
 Metaspace       used 21931K, capacity 22160K, committed 22576K, reserved 1069056K
  class space    used 2612K, capacity 2683K, committed 2688K, reserved 1048576K
}
Event: 1218.777 GC heap before
{Heap before GC invocations=11 (full 1):
 PSYoungGen      total 86016K, used 66816K [0x00000000d5d80000, 0x00000000de700000, 0x0000000100000000)
  eden space 66560K, 100% used [0x00000000d5d80000,0x00000000d9e80000,0x00000000d9e80000)
  from space 19456K, 1% used [0x00000000d9e80000,0x00000000d9ec0000,0x00000000db180000)
  to   space 18432K, 0% used [0x00000000dd500000,0x00000000dd500000,0x00000000de700000)
 ParOldGen       total 65536K, used 12737K [0x0000000081800000, 0x0000000085800000, 0x00000000d5d80000)
  object space 65536K, 19% used [0x0000000081800000,0x00000000824705d8,0x0000000085800000)
 Metaspace       used 21931K, capacity 22160K, committed 22576K, reserved 1069056K
  class space    used 2612K, capacity 2683K, committed 2688K, reserved 1048576K
Event: 1218.780 GC heap after
Heap after GC invocations=11 (full 1):
 PSYoungGen      total 122368K, used 352K [0x00000000d5d80000, 0x00000000de680000, 0x0000000100000000)
  eden space 104448K, 0% used [0x00000000d5d80000,0x00000000d5d80000,0x00000000dc380000)
  from space 17920K, 1% used [0x00000000dd500000,0x00000000dd558000,0x00000000de680000)
  to   space 17920K, 0% used [0x00000000dc380000,0x00000000dc380000,0x00000000dd500000)
 ParOldGen       total 65536K, used 12745K [0x0000000081800000, 0x0000000085800000, 0x00000000d5d80000)
  object space 65536K, 19% used [0x0000000081800000,0x00000000824725d8,0x0000000085800000)
 Metaspace       used 21931K, capacity 22160K, committed 22576K, reserved 1069056K
  class space    used 2612K, capacity 2683K, committed 2688K, reserved 1048576K
}
Event: 1261.538 GC heap before
{Heap before GC invocations=12 (full 1):
 PSYoungGen      total 122368K, used 104800K [0x00000000d5d80000, 0x00000000de680000, 0x0000000100000000)
  eden space 104448K, 100% used [0x00000000d5d80000,0x00000000dc380000,0x00000000dc380000)
  from space 17920K, 1% used [0x00000000dd500000,0x00000000dd558000,0x00000000de680000)
  to   space 17920K, 0% used [0x00000000dc380000,0x00000000dc380000,0x00000000dd500000)
 ParOldGen       total 65536K, used 12745K [0x0000000081800000, 0x0000000085800000, 0x00000000d5d80000)
  object space 65536K, 19% used [0x0000000081800000,0x00000000824725d8,0x0000000085800000)
 Metaspace       used 22138K, capacity 22390K, committed 22704K, reserved 1069056K
  class space    used 2640K, capacity 2716K, committed 2816K, reserved 1048576K
Event: 1261.543 GC heap after
Heap after GC invocations=12 (full 1):
 PSYoungGen      total 122368K, used 1586K [0x00000000d5d80000, 0x00000000e1d80000, 0x0000000100000000)
  eden space 104448K, 0% used [0x00000000d5d80000,0x00000000d5d80000,0x00000000dc380000)
  from space 17920K, 8% used [0x00000000dc380000,0x00000000dc50c970,0x00000000dd500000)
  to   space 16896K, 0% used [0x00000000e0d00000,0x00000000e0d00000,0x00000000e1d80000)
 ParOldGen       total 65536K, used 12761K [0x0000000081800000, 0x0000000085800000, 0x00000000d5d80000)
  object space 65536K, 19% used [0x0000000081800000,0x00000000824765d8,0x0000000085800000)
 Metaspace       used 22138K, capacity 22390K, committed 22704K, reserved 1069056K
  class space    used 2640K, capacity 2716K, committed 2816K, reserved 1048576K
}
Event: 1261.736 GC heap before
{Heap before GC invocations=13 (full 1):
 PSYoungGen      total 122368K, used 106034K [0x00000000d5d80000, 0x00000000e1d80000, 0x0000000100000000)
  eden space 104448K, 100% used [0x00000000d5d80000,0x00000000dc380000,0x00000000dc380000)
  from space 17920K, 8% used [0x00000000dc380000,0x00000000dc50c970,0x00000000dd500000)
  to   space 16896K, 0% used [0x00000000e0d00000,0x00000000e0d00000,0x00000000e1d80000)
 ParOldGen       total 65536K, used 12761K [0x0000000081800000, 0x0000000085800000, 0x00000000d5d80000)
  object space 65536K, 19% used [0x0000000081800000,0x00000000824765d8,0x0000000085800000)
 Metaspace       used 22142K, capacity 22390K, committed 22704K, reserved 1069056K
  class space    used 2640K, capacity 2716K, committed 2816K, reserved 1048576K
Event: 1261.739 GC heap after
Heap after GC invocations=13 (full 1):
 PSYoungGen      total 176640K, used 224K [0x00000000d5d80000, 0x00000000e1b00000, 0x0000000100000000)
  eden space 162304K, 0% used [0x00000000d5d80000,0x00000000d5d80000,0x00000000dfc00000)
  from space 14336K, 1% used [0x00000000e0d00000,0x00000000e0d38000,0x00000000e1b00000)
  to   space 15872K, 0% used [0x00000000dfc00000,0x00000000dfc00000,0x00000000e0b80000)
 ParOldGen       total 65536K, used 14030K [0x0000000081800000, 0x0000000085800000, 0x00000000d5d80000)
  object space 65536K, 21% used [0x0000000081800000,0x00000000825b3a98,0x0000000085800000)
 Metaspace       used 22142K, capacity 22390K, committed 22704K, reserved 1069056K
  class space    used 2640K, capacity 2716K, committed 2816K, reserved 1048576K
}

